<?xml version="1.0" encoding="UTF-8"?>
<!-- Generated by org.testng.reporters.JUnitXMLReporter -->
<testsuite hostname="SHREEKANTM" name="Smoke Tests" tests="1" failures="1" timestamp="8 Jun 2016 10:38:35 GMT" time="29.994" errors="0">
  <testcase name="testBYOC" time="11.555" classname="testCases.Tests">
    <failure type="java.lang.AssertionError" message="expected [$1.200.00] but found [$1,200.00]">
      <![CDATA[java.lang.AssertionError: expected [$1.200.00] but found [$1,200.00]
	at operations.UIOperation.perform(UIOperation.java:64)
	at operations.ExecuteStep.ExecuteTestStep(ExecuteStep.java:28)
	at testCases.Tests.testBYOC(Tests.java:66)
... Removed 31 stack frames]]>
    </failure>
  </testcase> <!-- testBYOC -->
</testsuite> <!-- Smoke Tests -->
