<?xml version="1.0" encoding="UTF-8"?>
<testng-results skipped="0" failed="1" total="1" passed="0">
  <reporter-output>
  </reporter-output>
  <suite name="Sequential Test Execution" duration-ms="29994" started-at="2016-06-08T10:38:05Z" finished-at="2016-06-08T10:38:35Z">
    <groups>
      <group name="CurrentTest">
        <method signature="Tests.testBYOC()[pri:3, instance:testCases.Tests@51efea79]" name="testBYOC" class="testCases.Tests"/>
      </group> <!-- CurrentTest -->
      <group name="Regression">
        <method signature="Tests.testBYOC()[pri:3, instance:testCases.Tests@51efea79]" name="testBYOC" class="testCases.Tests"/>
      </group> <!-- Regression -->
      <group name="Smoke">
        <method signature="Tests.testBYOC()[pri:3, instance:testCases.Tests@51efea79]" name="testBYOC" class="testCases.Tests"/>
      </group> <!-- Smoke -->
    </groups>
    <test name="Smoke Tests" duration-ms="29994" started-at="2016-06-08T10:38:05Z" finished-at="2016-06-08T10:38:35Z">
      <class name="testCases.Tests">
        <test-method status="PASS" signature="setUp()[pri:0, instance:testCases.Tests@51efea79]" name="setUp" is-config="true" duration-ms="18351" started-at="2016-06-08T16:08:05Z" finished-at="2016-06-08T16:08:24Z">
          <reporter-output>
          </reporter-output>
        </test-method> <!-- setUp -->
        <test-method status="FAIL" signature="testBYOC()[pri:3, instance:testCases.Tests@51efea79]" name="testBYOC" duration-ms="11555" started-at="2016-06-08T16:08:24Z" finished-at="2016-06-08T16:08:35Z">
          <exception class="java.lang.AssertionError">
            <message>
              <![CDATA[expected [$1.200.00] but found [$1,200.00]]]>
            </message>
            <full-stacktrace>
              <![CDATA[java.lang.AssertionError: expected [$1.200.00] but found [$1,200.00]
	at org.testng.Assert.fail(Assert.java:94)
	at org.testng.Assert.failNotEquals(Assert.java:513)
	at org.testng.Assert.assertEqualsImpl(Assert.java:135)
	at org.testng.Assert.assertEquals(Assert.java:116)
	at org.testng.Assert.assertEquals(Assert.java:190)
	at org.testng.Assert.assertEquals(Assert.java:200)
	at operations.UIOperation.perform(UIOperation.java:64)
	at operations.ExecuteStep.ExecuteTestStep(ExecuteStep.java:28)
	at testCases.Tests.testBYOC(Tests.java:66)
	at sun.reflect.NativeMethodAccessorImpl.invoke0(Native Method)
	at sun.reflect.NativeMethodAccessorImpl.invoke(Unknown Source)
	at sun.reflect.DelegatingMethodAccessorImpl.invoke(Unknown Source)
	at java.lang.reflect.Method.invoke(Unknown Source)
	at org.testng.internal.MethodInvocationHelper.invokeMethod(MethodInvocationHelper.java:86)
	at org.testng.internal.Invoker.invokeMethod(Invoker.java:646)
	at org.testng.internal.Invoker.invokeTestMethod(Invoker.java:823)
	at org.testng.internal.Invoker.invokeTestMethods(Invoker.java:1131)
	at org.testng.internal.TestMethodWorker.invokeTestMethods(TestMethodWorker.java:129)
	at org.testng.internal.TestMethodWorker.run(TestMethodWorker.java:112)
	at org.testng.TestRunner.privateRun(TestRunner.java:778)
	at org.testng.TestRunner.run(TestRunner.java:632)
	at org.testng.SuiteRunner.runTest(SuiteRunner.java:366)
	at org.testng.SuiteRunner.runSequentially(SuiteRunner.java:361)
	at org.testng.SuiteRunner.privateRun(SuiteRunner.java:319)
	at org.testng.SuiteRunner.run(SuiteRunner.java:268)
	at org.testng.SuiteRunnerWorker.runSuite(SuiteRunnerWorker.java:52)
	at org.testng.SuiteRunnerWorker.run(SuiteRunnerWorker.java:86)
	at org.testng.TestNG.runSuitesSequentially(TestNG.java:1225)
	at org.testng.TestNG.runSuitesLocally(TestNG.java:1150)
	at org.testng.TestNG.runSuites(TestNG.java:1075)
	at org.testng.TestNG.run(TestNG.java:1047)
	at org.testng.remote.AbstractRemoteTestNG.run(AbstractRemoteTestNG.java:126)
	at org.testng.remote.RemoteTestNG.initAndRun(RemoteTestNG.java:137)
	at org.testng.remote.RemoteTestNG.main(RemoteTestNG.java:58)
]]>
            </full-stacktrace>
          </exception> <!-- java.lang.AssertionError -->
          <reporter-output>
          </reporter-output>
        </test-method> <!-- testBYOC -->
        <test-method status="PASS" signature="tearDown()[pri:0, instance:testCases.Tests@51efea79]" name="tearDown" is-config="true" duration-ms="25" started-at="2016-06-08T16:08:35Z" finished-at="2016-06-08T16:08:35Z">
          <reporter-output>
          </reporter-output>
        </test-method> <!-- tearDown -->
      </class> <!-- testCases.Tests -->
    </test> <!-- Smoke Tests -->
  </suite> <!-- Sequential Test Execution -->
</testng-results>
